<?xml version="1.0" encoding="UTF-8"?>
<testng-results ignored="0" total="1" passed="1" failed="0" skipped="0">
  <reporter-output>
  </reporter-output>
  <suite started-at="2022-02-17T22:17:06 WAT" name="Default suite" finished-at="2022-02-17T22:17:15 WAT" duration-ms="9637">
    <groups>
    </groups>
    <test started-at="2022-02-17T22:17:06 WAT" name="Default test" finished-at="2022-02-17T22:17:15 WAT" duration-ms="9637">
      <class name="BVNETZ.etzAuthorization">
        <test-method signature="authorize()[pri:0, instance:BVNETZ.etzAuthorization@4e096385]" started-at="2022-02-17T22:17:06 WAT" name="authorize" finished-at="2022-02-17T22:17:15 WAT" duration-ms="9591" status="PASS">
          <reporter-output>
          </reporter-output>
        </test-method> <!-- authorize -->
      </class> <!-- BVNETZ.etzAuthorization -->
    </test> <!-- Default test -->
  </suite> <!-- Default suite -->
</testng-results>
